This is pdfTeX, Version 3.14159265-2.6-1.40.16 (TeX Live 2015/Debian) (preloaded format=pdflatex 2016.12.26)  25 MAY 2017 16:11
entering extended mode
 restricted \write18 enabled.
 %&-line parsing enabled.
**./linux.tex
(./linux.tex
LaTeX2e <2016/02/01>
Babel <3.9q> and hyphenation patterns for 3 language(s) loaded.
(/usr/share/texlive/texmf-dist/tex/latex/base/article.cls
Document Class: article 2014/09/29 v1.4h Standard LaTeX document class
(/usr/share/texlive/texmf-dist/tex/latex/base/size12.clo
File: size12.clo 2014/09/29 v1.4h Standard LaTeX file (size option)
)
\c@part=\count79
\c@section=\count80
\c@subsection=\count81
\c@subsubsection=\count82
\c@paragraph=\count83
\c@subparagraph=\count84
\c@figure=\count85
\c@table=\count86
\abovecaptionskip=\skip41
\belowcaptionskip=\skip42
\bibindent=\dimen102
)
(/usr/share/texlive/texmf-dist/tex/latex/graphics/graphicx.sty
Package: graphicx 2014/10/28 v1.0g Enhanced LaTeX Graphics (DPC,SPQR)

(/usr/share/texlive/texmf-dist/tex/latex/graphics/keyval.sty
Package: keyval 2014/10/28 v1.15 key=value parser (DPC)
\KV@toks@=\toks14
)
(/usr/share/texlive/texmf-dist/tex/latex/graphics/graphics.sty
Package: graphics 2016/01/03 v1.0q Standard LaTeX Graphics (DPC,SPQR)

(/usr/share/texlive/texmf-dist/tex/latex/graphics/trig.sty
Package: trig 2016/01/03 v1.10 sin cos tan (DPC)
)
(/usr/share/texlive/texmf-dist/tex/latex/latexconfig/graphics.cfg
File: graphics.cfg 2010/04/23 v1.9 graphics configuration of TeX Live
)
Package graphics Info: Driver file: pdftex.def on input line 95.

(/usr/share/texlive/texmf-dist/tex/latex/pdftex-def/pdftex.def
File: pdftex.def 2011/05/27 v0.06d Graphics/color for pdfTeX

(/usr/share/texlive/texmf-dist/tex/generic/oberdiek/infwarerr.sty
Package: infwarerr 2010/04/08 v1.3 Providing info/warning/error messages (HO)
)
(/usr/share/texlive/texmf-dist/tex/generic/oberdiek/ltxcmds.sty
Package: ltxcmds 2011/11/09 v1.22 LaTeX kernel commands for general use (HO)
)
\Gread@gobject=\count87
))
\Gin@req@height=\dimen103
\Gin@req@width=\dimen104
)
(/usr/share/texlive/texmf-dist/tex/latex/graphics/color.sty
Package: color 2016/01/03 v1.1b Standard LaTeX Color (DPC)

(/usr/share/texlive/texmf-dist/tex/latex/latexconfig/color.cfg
File: color.cfg 2007/01/18 v1.5 color configuration of teTeX/TeXLive
)
Package color Info: Driver file: pdftex.def on input line 143.

(/usr/share/texlive/texmf-dist/tex/latex/graphics/dvipsnam.def
File: dvipsnam.def 2015/12/30 v3.0k Driver-dependent file (DPC,SPQR)
)) (./linux.aux)
\openout1 = `linux.aux'.

LaTeX Font Info:    Checking defaults for OML/cmm/m/it on input line 5.
LaTeX Font Info:    ... okay on input line 5.
LaTeX Font Info:    Checking defaults for T1/cmr/m/n on input line 5.
LaTeX Font Info:    ... okay on input line 5.
LaTeX Font Info:    Checking defaults for OT1/cmr/m/n on input line 5.
LaTeX Font Info:    ... okay on input line 5.
LaTeX Font Info:    Checking defaults for OMS/cmsy/m/n on input line 5.
LaTeX Font Info:    ... okay on input line 5.
LaTeX Font Info:    Checking defaults for OMX/cmex/m/n on input line 5.
LaTeX Font Info:    ... okay on input line 5.
LaTeX Font Info:    Checking defaults for U/cmr/m/n on input line 5.
LaTeX Font Info:    ... okay on input line 5.

(/usr/share/texlive/texmf-dist/tex/context/base/supp-pdf.mkii
[Loading MPS to PDF converter (version 2006.09.02).]
\scratchcounter=\count88
\scratchdimen=\dimen105
\scratchbox=\box26
\nofMPsegments=\count89
\nofMParguments=\count90
\everyMPshowfont=\toks15
\MPscratchCnt=\count91
\MPscratchDim=\dimen106
\MPnumerator=\count92
\makeMPintoPDFobject=\count93
\everyMPtoPDFconversion=\toks16
) (/usr/share/texlive/texmf-dist/tex/generic/oberdiek/pdftexcmds.sty
Package: pdftexcmds 2011/11/29 v0.20 Utility functions of pdfTeX for LuaTeX (HO
)

(/usr/share/texlive/texmf-dist/tex/generic/oberdiek/ifluatex.sty
Package: ifluatex 2010/03/01 v1.3 Provides the ifluatex switch (HO)
Package ifluatex Info: LuaTeX not detected.
)
(/usr/share/texlive/texmf-dist/tex/generic/oberdiek/ifpdf.sty
Package: ifpdf 2011/01/30 v2.3 Provides the ifpdf switch (HO)
Package ifpdf Info: pdfTeX in PDF mode is detected.
)
Package pdftexcmds Info: LuaTeX not detected.
Package pdftexcmds Info: \pdf@primitive is available.
Package pdftexcmds Info: \pdf@ifprimitive is available.
Package pdftexcmds Info: \pdfdraftmode found.
)
(/usr/share/texlive/texmf-dist/tex/latex/oberdiek/epstopdf-base.sty
Package: epstopdf-base 2010/02/09 v2.5 Base part for package epstopdf

(/usr/share/texlive/texmf-dist/tex/latex/oberdiek/grfext.sty
Package: grfext 2010/08/19 v1.1 Manage graphics extensions (HO)

(/usr/share/texlive/texmf-dist/tex/generic/oberdiek/kvdefinekeys.sty
Package: kvdefinekeys 2011/04/07 v1.3 Define keys (HO)
))
(/usr/share/texlive/texmf-dist/tex/latex/oberdiek/kvoptions.sty
Package: kvoptions 2011/06/30 v3.11 Key value format for package options (HO)

(/usr/share/texlive/texmf-dist/tex/generic/oberdiek/kvsetkeys.sty
Package: kvsetkeys 2012/04/25 v1.16 Key value parser (HO)

(/usr/share/texlive/texmf-dist/tex/generic/oberdiek/etexcmds.sty
Package: etexcmds 2011/02/16 v1.5 Avoid name clashes with e-TeX commands (HO)
Package etexcmds Info: Could not find \expanded.
(etexcmds)             That can mean that you are not using pdfTeX 1.50 or
(etexcmds)             that some package has redefined \expanded.
(etexcmds)             In the latter case, load this package earlier.
)))
Package grfext Info: Graphics extension search list:
(grfext)             [.png,.pdf,.jpg,.mps,.jpeg,.jbig2,.jb2,.PNG,.PDF,.JPG,.JPE
G,.JBIG2,.JB2,.eps]
(grfext)             \AppendGraphicsExtensions on input line 452.

(/usr/share/texlive/texmf-dist/tex/latex/latexconfig/epstopdf-sys.cfg
File: epstopdf-sys.cfg 2010/07/13 v1.3 Configuration of (r)epstopdf for TeX Liv
e
))
LaTeX Font Info:    External font `cmex10' loaded for size
(Font)              <14.4> on input line 8.
LaTeX Font Info:    External font `cmex10' loaded for size
(Font)              <7> on input line 8.


LaTeX Warning: No \author given.

LaTeX Font Info:    External font `cmex10' loaded for size
(Font)              <12> on input line 12.
LaTeX Font Info:    External font `cmex10' loaded for size
(Font)              <8> on input line 12.
LaTeX Font Info:    External font `cmex10' loaded for size
(Font)              <6> on input line 12.
<./figure/fig1.png, id=1, 654.445pt x 202.7575pt>
File: ./figure/fig1.png Graphic file (type png)
 <use ./figure/fig1.png>
Package pdftex.def Info: ./figure/fig1.png used on input line 18.
(pdftex.def)             Requested size: 312.00119pt x 96.6635pt.

! Undefined control sequence.
l.28     \$ dpkg -l \text
                         {\textbar} tail -n +6 \text{\textbar} grep -E 'linu...

? 
LaTeX Font Info:    Try loading font information for OMS+cmr on input line 28.
(/usr/share/texlive/texmf-dist/tex/latex/base/omscmr.fd
File: omscmr.fd 2014/09/29 v2.5h Standard LaTeX font definitions
)
LaTeX Font Info:    Font shape `OMS/cmr/m/n' in size <12> not available
(Font)              Font shape `OMS/cmsy/m/n' tried instead on input line 28.

! Undefined control sequence.
l.28 ...$ dpkg -l \text{\textbar} tail -n +6 \text
                                                  {\textbar} grep -E 'linux-...

? 
! Undefined control sequence.
l.28 ...extbar} grep -E 'linux-image-[0-9]+' \text
                                                  {\textbar} grep -Fv \$(una...

? 
[1

{/var/lib/texmf/fonts/map/pdftex/updmap/pdftex.map} <./figure/fig1.png (PNG cop
y)>]
Underfull \hbox (badness 10000) in paragraph at lines 72--74

 []


Underfull \hbox (badness 10000) in paragraph at lines 88--94

 []

[2]
Underfull \hbox (badness 10000) in paragraph at lines 96--97

 []


Overfull \hbox (17.5502pt too wide) in paragraph at lines 102--102
[]        \OT1/cmtt/m/n/12 2. For "JAVA_HOME" (Environment Variable), type as f
ollow:[] 
 []

! You can't use `macro parameter character #' in horizontal mode.
l.105 ...PU-and-Caffe-installation-in-Ubuntu.html#
                                                  Caffe\%20installation\\
? 

Overfull \hbox (21.44853pt too wide) in paragraph at lines 105--115
\OT1/cmr/m/n/12 Ref: https://huangying-zhan.github.io/2016/09/09/GPU-and-Caffe-
installation-
 []


Overfull \hbox (28.35677pt too wide) in paragraph at lines 105--115
\OT1/cmr/m/n/12 And: http://askubuntu.com/questions/799184/how-can-i-install-cu
da-on-ubuntu-
 []


Underfull \hbox (badness 10000) in paragraph at lines 105--115

 []

[3]
Overfull \hbox (134.87526pt too wide) in paragraph at lines 120--120
[]\OT1/cmtt/m/n/12 echo "export LD\_LIBRARY\_PATH\=/usr/local/cuda/lib:\$LD\_LI
BRARY\_PATH" >> ~/.bashrc[] 
 []


Underfull \hbox (badness 10000) in paragraph at lines 121--122

 []


Overfull \hbox (351.00037pt too wide) in paragraph at lines 143--143
[]    \OT1/cmtt/m/n/12 sudo apt-get install libprotobuf-dev libleveldb-dev libs
nappy-dev libopencv-dev libhdf5-serial-dev protobuf-compiler[] 
 []


Overfull \hbox (60.77522pt too wide) in paragraph at lines 143--143
[]    \OT1/cmtt/m/n/12 # If you get " E: Failed to fetch http://cn.archive.ubun
tu.com/ubuntu[] 
 []


Overfull \hbox (36.07521pt too wide) in paragraph at lines 143--143
[]    \OT1/cmtt/m/n/12 sudo apt-get install libgflags-dev libgoogle-glog-dev li
blmdb-dev[] 
 []


Overfull \hbox (116.35025pt too wide) in paragraph at lines 143--143
[]    \OT1/cmtt/m/n/12 INCLUDE_DIRS := $(PYTHON_INCLUDE) /usr/local/include /us
r/include/hdf5/serial/[] 
 []


Overfull \hbox (202.8003pt too wide) in paragraph at lines 143--143
[]    \OT1/cmtt/m/n/12 LIBRARY_DIRS := $(PYTHON_LIB) /usr/local/lib /usr/lib /u
sr/lib/x86_64-linux-gnu/hdf5/serial/[] 
 []


Overfull \hbox (21.4402pt too wide) in paragraph at lines 144--145
\OT1/cmr/m/n/12 https://github.com/BVLC/caffe/wiki/Ubuntu-16.04-or-15.10-Instal
lation-Guide 
 []

! You can't use `macro parameter character #' in horizontal mode.
l.147 	Alternative #
                    3: Add an init script (obsolete)
? 

Overfull \hbox (4.86118pt too wide) in paragraph at lines 151--153
[]\OT1/cmr/m/n/12 vi /etc/init.d/myscript (Ob-vi-ously it doesn't have to be ca
lled "myscript".)
 []

! You can't use `macro parameter character #' in vertical mode.
l.154 	#
        !/bin/sh
? 
[4] [5] (./linux.aux) ) 
Here is how much of TeX's memory you used:
 1778 strings out of 494953
 25811 string characters out of 6180976
 82055 words of memory out of 5000000
 5056 multiletter control sequences out of 15000+600000
 10356 words of font info for 36 fonts, out of 8000000 for 9000
 14 hyphenation exceptions out of 8191
 38i,6n,23p,259b,249s stack positions out of 5000i,500n,10000p,200000b,80000s
</usr/share/texlive/texmf-dist/fonts/type1/public/amsfon
ts/cm/cmbx12.pfb></usr/share/texlive/texmf-dist/fonts/type1/public/amsfonts/cm/
cmbxti10.pfb></usr/share/texlive/texmf-dist/fonts/type1/public/amsfonts/cm/cmmi
12.pfb></usr/share/texlive/texmf-dist/fonts/type1/public/amsfonts/cm/cmr12.pfb>
</usr/share/texlive/texmf-dist/fonts/type1/public/amsfonts/cm/cmr17.pfb></usr/s
hare/texlive/texmf-dist/fonts/type1/public/amsfonts/cm/cmsy10.pfb></usr/share/t
exlive/texmf-dist/fonts/type1/public/amsfonts/cm/cmti12.pfb></usr/share/texlive
/texmf-dist/fonts/type1/public/amsfonts/cm/cmtt12.pfb>
Output written on linux.pdf (5 pages, 134808 bytes).
PDF statistics:
 53 PDF objects out of 1000 (max. 8388607)
 36 compressed objects within 1 object stream
 0 named destinations out of 1000 (max. 500000)
 6 words of extra memory for PDF output out of 10000 (max. 10000000)

